<?xml version="1.0" encoding="UTF-8"?>
<!-- Generated by org.testng.reporters.JUnitReportReporter -->
<testsuite skipped="0" hostname="ATMECSINLT-085" name="org.atmecs.website.testscripts.Home" tests="1" failures="0" timestamp="27 Sep 2019 07:21:41 GMT" time="32.173" errors="0">
  <testcase name="footerValidate" time="32.173" classname="org.atmecs.website.testscripts.Home"/>
</testsuite> <!-- org.atmecs.website.testscripts.Home -->
