<?xml version="1.0" encoding="UTF-8"?>
<!-- Generated by org.testng.reporters.JUnitReportReporter -->
<testsuite skipped="0" hostname="ATMECSINLT-085" name="org.atmecs.website.testscripts.Services" tests="2" failures="0" timestamp="30 Sep 2019 09:49:28 GMT" time="35.187" errors="0">
  <testcase name="footerValidate" time="33.195" classname="org.atmecs.website.testscripts.Services"/>
  <testcase name="servicesOptionCheck" time="1.992" classname="org.atmecs.website.testscripts.Services"/>
</testsuite> <!-- org.atmecs.website.testscripts.Services -->
